kotlin version: 2.0.0
error message: org.jetbrains.kotlin.backend.common.BackendException: Backend Internal error: Exception during IR lowering
File being compiled: /Users/renovatio/Desktop/Project_Android/ScratchRevealCard/library/src/main/java/com/renovatio/scratchrevealcard/ScratchRevealCard.kt
The root cause java.lang.RuntimeException was thrown at: org.jetbrains.kotlin.backend.jvm.codegen.FunctionCodegen.generate(FunctionCodegen.kt:50)
	at org.jetbrains.kotlin.backend.common.CodegenUtil.reportBackendException(CodegenUtil.kt:253)
	at org.jetbrains.kotlin.backend.common.CodegenUtil.reportBackendException$default(CodegenUtil.kt:236)
	at org.jetbrains.kotlin.backend.common.phaser.PerformByIrFilePhase.invokeSequential(performByIrFile.kt:65)
	at org.jetbrains.kotlin.backend.common.phaser.PerformByIrFilePhase.invoke(performByIrFile.kt:52)
	at org.jetbrains.kotlin.backend.common.phaser.PerformByIrFilePhase.invoke(performByIrFile.kt:38)
	at org.jetbrains.kotlin.backend.common.phaser.NamedCompilerPhase.phaseBody(CompilerPhase.kt:166)
	at org.jetbrains.kotlin.backend.common.phaser.AbstractNamedCompilerPhase.invoke(CompilerPhase.kt:113)
	at org.jetbrains.kotlin.backend.common.phaser.CompositePhase.invoke(PhaseBuilders.kt:29)
	at org.jetbrains.kotlin.backend.common.phaser.CompositePhase.invoke(PhaseBuilders.kt:16)
	at org.jetbrains.kotlin.backend.common.phaser.NamedCompilerPhase.phaseBody(CompilerPhase.kt:166)
	at org.jetbrains.kotlin.backend.common.phaser.AbstractNamedCompilerPhase.invoke(CompilerPhase.kt:113)
	at org.jetbrains.kotlin.backend.common.phaser.CompilerPhaseKt.invokeToplevel(CompilerPhase.kt:62)
	at org.jetbrains.kotlin.backend.jvm.JvmIrCodegenFactory.invokeCodegen(JvmIrCodegenFactory.kt:371)
	at org.jetbrains.kotlin.codegen.CodegenFactory.generateModule(CodegenFactory.kt:47)
	at org.jetbrains.kotlin.backend.jvm.JvmIrCodegenFactory.generateModuleInFrontendIRMode(JvmIrCodegenFactory.kt:433)
	at org.jetbrains.kotlin.cli.jvm.compiler.pipeline.JvmCompilerPipelineKt.generateCodeFromIr(jvmCompilerPipeline.kt:241)
	at org.jetbrains.kotlin.cli.jvm.compiler.pipeline.JvmCompilerPipelineKt.compileModulesUsingFrontendIrAndLightTree(jvmCompilerPipeline.kt:140)
	at org.jetbrains.kotlin.cli.jvm.K2JVMCompiler.doExecute(K2JVMCompiler.kt:155)
	at org.jetbrains.kotlin.cli.jvm.K2JVMCompiler.doExecute(K2JVMCompiler.kt:50)
	at org.jetbrains.kotlin.cli.common.CLICompiler.execImpl(CLICompiler.kt:104)
	at org.jetbrains.kotlin.cli.common.CLICompiler.execImpl(CLICompiler.kt:48)
	at org.jetbrains.kotlin.cli.common.CLITool.exec(CLITool.kt:101)
	at org.jetbrains.kotlin.incremental.IncrementalJvmCompilerRunner.runCompiler(IncrementalJvmCompilerRunner.kt:453)
	at org.jetbrains.kotlin.incremental.IncrementalJvmCompilerRunner.runCompiler(IncrementalJvmCompilerRunner.kt:62)
	at org.jetbrains.kotlin.incremental.IncrementalCompilerRunner.doCompile(IncrementalCompilerRunner.kt:506)
	at org.jetbrains.kotlin.incremental.IncrementalCompilerRunner.compileImpl(IncrementalCompilerRunner.kt:423)
	at org.jetbrains.kotlin.incremental.IncrementalCompilerRunner.compileNonIncrementally(IncrementalCompilerRunner.kt:301)
	at org.jetbrains.kotlin.incremental.IncrementalCompilerRunner.compile(IncrementalCompilerRunner.kt:129)
	at org.jetbrains.kotlin.daemon.CompileServiceImplBase.execIncrementalCompiler(CompileServiceImpl.kt:676)
	at org.jetbrains.kotlin.daemon.CompileServiceImplBase.access$execIncrementalCompiler(CompileServiceImpl.kt:92)
	at org.jetbrains.kotlin.daemon.CompileServiceImpl.compile(CompileServiceImpl.kt:1661)
	at java.base/jdk.internal.reflect.DirectMethodHandleAccessor.invoke(Unknown Source)
	at java.base/java.lang.reflect.Method.invoke(Unknown Source)
	at java.rmi/sun.rmi.server.UnicastServerRef.dispatch(Unknown Source)
	at java.rmi/sun.rmi.transport.Transport$1.run(Unknown Source)
	at java.rmi/sun.rmi.transport.Transport$1.run(Unknown Source)
	at java.base/java.security.AccessController.doPrivileged(Unknown Source)
	at java.rmi/sun.rmi.transport.Transport.serviceCall(Unknown Source)
	at java.rmi/sun.rmi.transport.tcp.TCPTransport.handleMessages(Unknown Source)
	at java.rmi/sun.rmi.transport.tcp.TCPTransport$ConnectionHandler.run0(Unknown Source)
	at java.rmi/sun.rmi.transport.tcp.TCPTransport$ConnectionHandler.lambda$run$0(Unknown Source)
	at java.base/java.security.AccessController.doPrivileged(Unknown Source)
	at java.rmi/sun.rmi.transport.tcp.TCPTransport$ConnectionHandler.run(Unknown Source)
	at java.base/java.util.concurrent.ThreadPoolExecutor.runWorker(Unknown Source)
	at java.base/java.util.concurrent.ThreadPoolExecutor$Worker.run(Unknown Source)
	at java.base/java.lang.Thread.run(Unknown Source)
Caused by: java.lang.RuntimeException: Exception while generating code for:
FUN name:ScratchRevealCard-gwO9Abs visibility:public modality:FINAL <> (modifier:androidx.compose.ui.Modifier, overlayPainter:androidx.compose.ui.graphics.painter.Painter, revealedContent:@[Composable] kotlin.Function0<kotlin.Unit>, brushSize:androidx.compose.ui.unit.Dp, onScratchProgress:kotlin.Function1<kotlin.Float, kotlin.Unit>, onFullyRevealed:kotlin.Function0<kotlin.Unit>) returnType:kotlin.Unit
  annotations:
    Composable
  VALUE_PARAMETER name:modifier index:0 type:androidx.compose.ui.Modifier
    EXPRESSION_BODY
      ERROR_EXPR 'Default Stub' type=androidx.compose.ui.Modifier
  VALUE_PARAMETER name:overlayPainter index:1 type:androidx.compose.ui.graphics.painter.Painter
  VALUE_PARAMETER name:revealedContent index:2 type:@[Composable] kotlin.Function0<kotlin.Unit>
  VALUE_PARAMETER name:brushSize index:3 type:androidx.compose.ui.unit.Dp
    EXPRESSION_BODY
      ERROR_EXPR 'Default Stub' type=androidx.compose.ui.unit.Dp
  VALUE_PARAMETER name:onScratchProgress index:4 type:kotlin.Function1<kotlin.Float, kotlin.Unit>
    EXPRESSION_BODY
      ERROR_EXPR 'Default Stub' type=kotlin.Function1<kotlin.Float, kotlin.Unit>
  VALUE_PARAMETER name:onFullyRevealed index:5 type:kotlin.Function0<kotlin.Unit>
    EXPRESSION_BODY
      ERROR_EXPR 'Default Stub' type=kotlin.Function0<kotlin.Unit>
  BLOCK_BODY
    VAR name:path type:androidx.compose.ui.graphics.Path [val]
      CALL 'public final fun remember <T> (calculation: @[DisallowComposableCalls] kotlin.Function0<T of androidx.compose.runtime.ComposablesKt.remember>): T of androidx.compose.runtime.ComposablesKt.remember [inline] declared in androidx.compose.runtime.ComposablesKt' type=androidx.compose.ui.graphics.Path origin=null
        <T>: androidx.compose.ui.graphics.Path
        calculation: BLOCK type=kotlin.Function0<androidx.compose.ui.graphics.Path> origin=LAMBDA
          COMPOSITE type=kotlin.Unit origin=null
          FUNCTION_REFERENCE 'private final fun ScratchRevealCard_gwO9Abs$lambda$2 (): androidx.compose.ui.graphics.Path declared in com.renovatio.scratchrevealcard.ScratchRevealCardKt' type=kotlin.Function0<androidx.compose.ui.graphics.Path> origin=INLINE_LAMBDA reflectionTarget=null
    VAR name:strokePx type:kotlin.Float [val]
      CALL 'public final fun with <T, R> (receiver: T of kotlin.StandardKt.with, block: @[ExtensionFunctionType] kotlin.Function1<T of kotlin.StandardKt.with, R of kotlin.StandardKt.with>): R of kotlin.StandardKt.with [inline] declared in kotlin.StandardKt' type=kotlin.Float origin=null
        <T>: androidx.compose.ui.unit.Density
        <R>: kotlin.Float
        receiver: CALL 'public final fun <get-current> (): T of androidx.compose.runtime.CompositionLocal [inline] declared in androidx.compose.runtime.CompositionLocal' type=androidx.compose.ui.unit.Density origin=GET_PROPERTY
          $this: TYPE_OP type=androidx.compose.runtime.CompositionLocal<T of androidx.compose.runtime.CompositionLocal> origin=IMPLICIT_CAST typeOperand=androidx.compose.runtime.CompositionLocal<T of androidx.compose.runtime.CompositionLocal>
            CALL 'public final fun <get-LocalDensity> (): androidx.compose.runtime.ProvidableCompositionLocal<androidx.compose.ui.unit.Density> declared in androidx.compose.ui.platform.CompositionLocalsKt' type=androidx.compose.runtime.ProvidableCompositionLocal<androidx.compose.ui.unit.Density> origin=GET_PROPERTY
        block: BLOCK type=@[ExtensionFunctionType] kotlin.Function1<androidx.compose.ui.unit.Density, kotlin.Float> origin=LAMBDA
          COMPOSITE type=kotlin.Unit origin=null
          FUNCTION_REFERENCE 'private final fun ScratchRevealCard_gwO9Abs$lambda$3 (): kotlin.Float declared in com.renovatio.scratchrevealcard.ScratchRevealCardKt' type=@[ExtensionFunctionType] kotlin.Function1<androidx.compose.ui.unit.Density, kotlin.Float> origin=INLINE_LAMBDA reflectionTarget=null
    CALL 'public final fun Box$default (modifier: androidx.compose.ui.Modifier?, contentAlignment: androidx.compose.ui.Alignment?, propagateMinConstraints: kotlin.Boolean, content: @[Composable] @[ExtensionFunctionType] kotlin.Function1<androidx.compose.foundation.layout.BoxScope, kotlin.Unit>, $mask0: kotlin.Int, $handler: kotlin.Any?): kotlin.Unit [inline] declared in androidx.compose.foundation.layout.BoxKt' type=kotlin.Unit origin=DEFAULT_DISPATCH_CALL
      modifier: GET_VAR 'modifier: androidx.compose.ui.Modifier declared in com.renovatio.scratchrevealcard.ScratchRevealCardKt.ScratchRevealCard-gwO9Abs' type=androidx.compose.ui.Modifier origin=null
      contentAlignment: COMPOSITE type=androidx.compose.ui.Alignment? origin=DEFAULT_VALUE
        CONST Null type=androidx.compose.ui.Alignment? value=null
      propagateMinConstraints: COMPOSITE type=kotlin.Boolean origin=DEFAULT_VALUE
        CONST Boolean type=kotlin.Boolean value=false
      content: BLOCK type=@[ExtensionFunctionType] kotlin.Function1<androidx.compose.foundation.layout.BoxScope, kotlin.Unit> origin=LAMBDA
        COMPOSITE type=kotlin.Unit origin=null
        FUNCTION_REFERENCE 'private final fun ScratchRevealCard_gwO9Abs$lambda$5 ($modifier: androidx.compose.ui.Modifier, $path: androidx.compose.ui.graphics.Path, $onScratchProgress: kotlin.Function1<kotlin.Float, kotlin.Unit>, $strokePx: kotlin.Float): kotlin.Unit declared in com.renovatio.scratchrevealcard.ScratchRevealCardKt' type=@[ExtensionFunctionType] kotlin.Function1<androidx.compose.foundation.layout.BoxScope, kotlin.Unit> origin=INLINE_LAMBDA reflectionTarget=null
          $modifier: GET_VAR 'modifier: androidx.compose.ui.Modifier declared in com.renovatio.scratchrevealcard.ScratchRevealCardKt.ScratchRevealCard-gwO9Abs' type=androidx.compose.ui.Modifier origin=null
          $path: GET_VAR 'val path: androidx.compose.ui.graphics.Path [val] declared in com.renovatio.scratchrevealcard.ScratchRevealCardKt.ScratchRevealCard-gwO9Abs' type=androidx.compose.ui.graphics.Path origin=null
          $onScratchProgress: GET_VAR 'onScratchProgress: kotlin.Function1<kotlin.Float, kotlin.Unit> declared in com.renovatio.scratchrevealcard.ScratchRevealCardKt.ScratchRevealCard-gwO9Abs' type=kotlin.Function1<kotlin.Float, kotlin.Unit> origin=null
          $strokePx: GET_VAR 'val strokePx: kotlin.Float [val] declared in com.renovatio.scratchrevealcard.ScratchRevealCardKt.ScratchRevealCard-gwO9Abs' type=kotlin.Float origin=null
      $mask0: CONST Int type=kotlin.Int value=6
      $handler: CONST Null type=kotlin.Any? value=null

	at org.jetbrains.kotlin.backend.jvm.codegen.FunctionCodegen.generate(FunctionCodegen.kt:50)
	at org.jetbrains.kotlin.backend.jvm.codegen.FunctionCodegen.generate$default(FunctionCodegen.kt:42)
	at org.jetbrains.kotlin.backend.jvm.codegen.ClassCodegen.generateMethodNode(ClassCodegen.kt:385)
	at org.jetbrains.kotlin.backend.jvm.codegen.ClassCodegen.generateMethod(ClassCodegen.kt:402)
	at org.jetbrains.kotlin.backend.jvm.codegen.ClassCodegen.generate(ClassCodegen.kt:169)
	at org.jetbrains.kotlin.backend.jvm.FileCodegen.lower(JvmPhases.kt:41)
	at org.jetbrains.kotlin.backend.common.phaser.PhaseBuildersKt.makeIrFilePhase$lambda$5(PhaseBuilders.kt:114)
	at org.jetbrains.kotlin.backend.common.phaser.PhaseBuildersKt$createSimpleNamedCompilerPhase$1.phaseBody(PhaseBuilders.kt:71)
	at org.jetbrains.kotlin.backend.common.phaser.SimpleNamedCompilerPhase.phaseBody(CompilerPhase.kt:226)
	at org.jetbrains.kotlin.backend.common.phaser.AbstractNamedCompilerPhase.invoke(CompilerPhase.kt:113)
	at org.jetbrains.kotlin.backend.common.phaser.PerformByIrFilePhase.invokeSequential(performByIrFile.kt:62)
	... 43 more
Caused by: org.jetbrains.kotlin.codegen.CompilationException: Back-end (JVM) Internal error: Couldn't inline method call: CALL 'public final fun remember <T> (calculation: @[DisallowComposableCalls] kotlin.Function0<T of androidx.compose.runtime.ComposablesKt.remember>): T of androidx.compose.runtime.ComposablesKt.remember [inline] declared in androidx.compose.runtime.ComposablesKt' type=androidx.compose.ui.graphics.Path origin=null
Method: null
File is unknown
The root cause java.lang.IllegalStateException was thrown at: org.jetbrains.kotlin.codegen.inline.SourceCompilerForInlineKt.getMethodNode(SourceCompilerForInline.kt:118)
	at org.jetbrains.kotlin.codegen.inline.InlineCodegen.performInline(InlineCodegen.kt:65)
	at org.jetbrains.kotlin.backend.jvm.codegen.IrInlineCodegen.genInlineCall(IrInlineCodegen.kt:162)
	at org.jetbrains.kotlin.backend.jvm.codegen.IrInlineCallGenerator.genCall(IrInlineCallGenerator.kt:36)
	at org.jetbrains.kotlin.backend.jvm.codegen.ExpressionCodegen.visitCall(ExpressionCodegen.kt:647)
	at org.jetbrains.kotlin.backend.jvm.codegen.ExpressionCodegen.visitCall(ExpressionCodegen.kt:137)
	at org.jetbrains.kotlin.ir.expressions.IrCall.accept(IrCall.kt:24)
	at org.jetbrains.kotlin.backend.jvm.codegen.ExpressionCodegen.visitVariable(ExpressionCodegen.kt:784)
	at org.jetbrains.kotlin.backend.jvm.codegen.ExpressionCodegen.visitVariable(ExpressionCodegen.kt:137)
	at org.jetbrains.kotlin.ir.declarations.IrVariable.accept(IrVariable.kt:36)
	at org.jetbrains.kotlin.backend.jvm.codegen.ExpressionCodegen.visitStatementContainer(ExpressionCodegen.kt:573)
	at org.jetbrains.kotlin.backend.jvm.codegen.ExpressionCodegen.visitBlockBody(ExpressionCodegen.kt:578)
	at org.jetbrains.kotlin.backend.jvm.codegen.ExpressionCodegen.visitBlockBody(ExpressionCodegen.kt:137)
	at org.jetbrains.kotlin.ir.expressions.IrBlockBody.accept(IrBlockBody.kt:20)
	at org.jetbrains.kotlin.backend.jvm.codegen.ExpressionCodegen.generate(ExpressionCodegen.kt:239)
	at org.jetbrains.kotlin.backend.jvm.codegen.FunctionCodegen.doGenerate(FunctionCodegen.kt:121)
	at org.jetbrains.kotlin.backend.jvm.codegen.FunctionCodegen.generate(FunctionCodegen.kt:46)
	... 53 more
Caused by: java.lang.IllegalStateException: couldn't find inline method Landroidx/compose/runtime/ComposablesKt;.remember(Lkotlin/jvm/functions/Function0;)Ljava/lang/Object;
	at org.jetbrains.kotlin.codegen.inline.SourceCompilerForInlineKt.getMethodNode(SourceCompilerForInline.kt:118)
	at org.jetbrains.kotlin.codegen.inline.SourceCompilerForInlineKt.loadCompiledInlineFunction(SourceCompilerForInline.kt:96)
	at org.jetbrains.kotlin.backend.jvm.codegen.IrSourceCompilerForInline.compileInlineFunction(IrSourceCompilerForInline.kt:91)
	at org.jetbrains.kotlin.codegen.inline.InlineCodegen.compileInline(InlineCodegen.kt:43)
	at org.jetbrains.kotlin.codegen.inline.InlineCodegen.performInline(InlineCodegen.kt:51)
	... 68 more


